0.01 1.20102075001 0.0
0.02 1.20145408788 0.0
0.03 1.20130001361 0.0
0.04 1.20055852721 0.0
0.05 1.19922962867 0.0
0.06 1.197313318 0.0
0.07 1.19480959519 0.0
0.08 1.19171846024 0.0
0.09 1.18803991315 0.0
0.1 1.18377395393 0.0
0.11 1.17892058257 0.0
0.12 1.17347979908 0.0
0.13 1.16745160345 0.0
0.14 1.16083599568 0.0
0.15 1.15363297577 0.0
0.16 1.14584254373 0.0
0.17 1.13746469955 0.0
0.18 1.12849944324 0.0
0.19 1.11894677479 0.0
0.2 1.1088066942 0.0
0.21 1.09838278316 0.0
0.22 1.0882508812 0.0
0.23 1.0776807719 0.0
0.24 1.06667245526 0.0
0.25 1.05522593128 0.0
0.26 1.04334119997 0.0
0.27 1.03101826132 0.0
0.28 1.01825711533 0.0
0.29 1.00505776201 0.0
0.3 0.991420201348 0.0
0.31 0.977344433349 0.0
0.32 0.962830458013 0.0
0.33 0.94787827534 0.0
0.34 0.932487885329 0.0
0.35 0.916659287982 0.0
0.36 0.900392483297 0.0
0.37 0.883687471275 0.0
0.38 0.866544251916 0.0
0.39 0.848962825219 0.0
0.4 0.830943191185 0.0
0.41 0.812374207284 0.0
0.42 0.793420033244 0.0
0.43 0.774127850911 0.0
0.44 0.754497660285 0.0
0.45 0.734529461368 0.0
0.46 0.714223254157 0.0
0.47 0.693579038655 0.0
0.48 0.67259681486 0.0
0.49 0.651276582772 0.0
0.5 0.629618342392 0.0
0.51 0.60762209372 0.0
0.52 0.585287836755 0.0
0.53 0.562615571498 0.0
0.54 0.539605297948 0.0
0.55 0.516257016106 0.0
0.56 0.492570725972 0.0
0.57 0.468546427545 0.0
0.58 0.444184120826 0.0
0.59 0.419483805814 0.0
0.6 0.394415484896 0.0
0.61 0.369042679812 0.0
0.62 0.34353880811 0.0
0.63 0.317903869791 0.0
0.64 0.292137864854 0.0
0.65 0.266240793299 0.0
0.66 0.240212655127 0.0
0.67 0.214053450336 0.0
0.68 0.187763178928 0.0
0.69 0.161341840903 0.0
0.7 0.134789436259 0.0
0.71 0.108105964998 0.0
0.72 0.0812914271193 0.0
0.73 0.0543458226227 0.0
0.74 0.0272691515084 0.0
0.75 6.14137764049e-05 0.0
0.76 -0.0272773905733 0.0
0.77 -0.0547472615408 0.0
0.78 -0.082348199126 0.0
0.79 -0.110080203329 0.0
0.8 -0.138089592449 0.0
0.81 -0.166007019207 0.0
0.82 -0.193730479882 0.0
0.83 -0.221259974474 0.0
0.84 -0.248595502985 0.0
0.85 -0.275737065412 0.0
0.86 -0.302684661758 0.0
0.87 -0.329438292021 0.0
0.88 -0.355997956201 0.0
0.89 -0.382363654299 0.0
0.9 -0.408535386315 0.0
0.91 -0.434513152248 0.0
0.92 -0.460296952099 0.0
0.93 -0.485886785868 0.0
0.94 -0.511282653554 0.0
0.95 -0.536484555157 0.0
0.96 -0.561492490678 0.0
0.97 -0.586306460117 0.0
0.98 -0.610926463473 0.0
0.99 -0.635352500747 0.0
1.0 -0.659584571938 0.0
1.01 -0.682517380383 1.51356445783
1.02 -0.704943002094 1.5571750956
1.03 -0.726861437071 1.59972995654
1.04 -0.748272685315 1.64122904067
1.05 -0.769176746825 1.68167234797
1.06 -0.789573621602 1.72105987844
1.07 -0.809463309645 1.75939163209
1.08 -0.828845810954 1.79666760892
1.09 -0.84772112553 1.83288780893
1.1 -0.866089253372 1.86805223211
1.11 -0.883950194481 1.90216087847
1.12 -0.901303948856 1.935213748
1.13 -0.918150516497 1.96721084071
1.14 -0.934489897405 1.99815215659
1.15 -0.950322091579 2.02803769566
1.16 -0.96564709902 2.05686745789
1.17 -0.980464919727 2.08464144331
1.18 -0.994775553701 2.1113596519
1.19 -1.00857900094 2.13702208367
1.2 -1.02187526145 2.16162873861
1.21 -1.03467436475 2.18524493101
1.22 -1.04700946662 2.20809638939
1.23 -1.05886444081 2.23008362324
1.24 -1.07023928731 2.25120663258
1.25 -1.08113400612 2.2714654174
1.26 -1.09154859725 2.29085997771
1.27 -1.10148306068 2.30939031349
1.28 -1.11093739643 2.32705642477
1.29 -1.11991160449 2.34385831152
1.3 -1.12840568487 2.35979597376
1.31 -1.13641963755 2.37486941148
1.32 -1.14395346255 2.38907862468
1.33 -1.15100715986 2.40242361337
1.34 -1.15758072948 2.41490437754
1.35 -1.16367417142 2.42652091719
1.36 -1.16928748566 2.43727323233
1.37 -1.17442067222 2.44716132295
1.38 -1.17907373109 2.45618518905
1.39 -1.18324666227 2.46434483064
1.4 -1.18693946577 2.47164024771
1.41 -1.18983792389 2.47735979785
1.42 -1.19228884736 2.48217667339
1.43 -1.19440931517 2.48634073923
1.44 -1.19619932734 2.48985199537
1.45 -1.19765888387 2.4927104418
1.46 -1.19878798474 2.49491607853
1.47 -1.19958662997 2.49646890556
1.48 -1.20005481955 2.49736892289
1.49 -1.20019255349 2.49761613052
1.5 -1.19999983177 2.49721052844
1.51 -1.19947665441 2.49615211667
1.52 -1.19862302141 2.49444089519
1.53 -1.19743893275 2.49207686401
1.54 -1.19592438845 2.48906002313
1.55 -1.1940793885 2.48539037254
1.56 -1.19190393291 2.48106791226
1.57 -1.18939802167 2.47609264227
1.58 -1.18656165478 2.47046456258
1.59 -1.18339483224 2.46418367319
1.6 -1.1792849506 2.45679178392
1.61 -1.1728578664 2.44738290933
1.62 -1.16601176112 2.43745129851
1.63 -1.15874663477 2.42699695146
1.64 -1.15106248733 2.41601986818
1.65 -1.14295931882 2.40452004867
1.66 -1.13443712922 2.39249749293
1.67 -1.12549591855 2.37995220096
1.68 -1.11613568679 2.36688417275
1.69 -1.10635643395 2.35329340832
1.7 -1.09615816004 2.33917990765
1.71 -1.08554086504 2.32454367076
1.72 -1.07450454897 2.30938469763
1.73 -1.06304921182 2.29370298827
1.74 -1.05117485358 2.27749854268
1.75 -1.03888147427 2.26077136086
1.76 -1.02616907387 2.24352144281
1.77 -1.0130376524 2.22574878853
1.78 -0.999487209844 2.20745339802
1.79 -0.98551774621 2.18863527127
1.8 -0.970446627083 2.16847850103
1.81 -0.954839470952 2.14739135634
1.82 -0.938984129784 2.125674494
1.83 -0.922880603581 2.10332791402
1.84 -0.906528892341 2.0803516164
1.85 -0.889928996064 2.05674560115
1.86 -0.873080914752 2.03250986825
1.87 -0.855984648404 2.00764441771
1.88 -0.838640197019 1.98214924953
1.89 -0.821047560598 1.95602436371
1.9 -0.803206739141 1.92926976025
1.91 -0.785117732647 1.90188543915
1.92 -0.766780541117 1.87387140041
1.93 -0.748195164552 1.84522764403
1.94 -0.72936160295 1.81595417001
1.95 -0.710279856311 1.78605097834
1.96 -0.690949924637 1.75551806904
1.97 -0.671371807926 1.7243554421
1.98 -0.651545506179 1.69256309752
1.99 -0.631471019396 1.66014103529
2.0 -0.611148347575 0.0
2.01 -0.587485371042 0.0
2.02 -0.563735228579 0.0
2.03 -0.539897920188 0.0
2.04 -0.515973445867 0.0
2.05 -0.491961805617 0.0
2.06 -0.467862999439 0.0
2.07 -0.443677027331 0.0
2.08 -0.419403889294 0.0
2.09 -0.395043585328 0.0
2.1 -0.370596115433 0.0
2.11 -0.346061479608 0.0
2.12 -0.321439677855 0.0
2.13 -0.296730710172 0.0
2.14 -0.271934576561 0.0
2.15 -0.24705127702 0.0
2.16 -0.22208081155 0.0
2.17 -0.197023180152 0.0
2.18 -0.171878382824 0.0
2.19 -0.146646419567 0.0
2.2 -0.12198421616 0.0
2.21 -0.097499179428 0.0
2.22 -0.072971242716 0.0
2.23 -0.0484004060244 0.0
2.24 -0.023786669353 0.0
2.25 0.000869967298137 0.0
2.26 0.025569503929 0.0
2.27 0.0503119405395 0.0
2.28 0.0750972771298 0.0
2.29 0.0999255136998 0.0
2.3 0.124796650249 0.0
2.31 0.149710686779 0.0
2.32 0.174667623288 0.0
2.33 0.199667459777 0.0
2.34 0.224710196246 0.0
2.35 0.249795832694 0.0
2.36 0.274348425971 0.0
2.37 0.298699532088 0.0
2.38 0.322905625173 0.0
2.39 0.346966705226 0.0
2.4 0.370882772248 0.0
2.41 0.394653826238 0.0
2.42 0.418279867196 0.0
2.43 0.441760895123 0.0
2.44 0.465096910019 0.0
2.45 0.488287911882 0.0
2.46 0.511333900714 0.0
2.47 0.534234876515 0.0
2.48 0.556990839284 0.0
2.49 0.579601789021 0.0
2.5 0.602067725727 0.0
2.51 0.622986879682 0.0
2.52 0.643501449033 0.0
2.53 0.663943624535 0.0
2.54 0.684313406188 0.0
2.55 0.704610793992 0.0
2.56 0.724835787947 0.0
2.57 0.744988388054 0.0
2.58 0.765068594311 0.0
2.59 0.78507640672 0.0
2.6 0.805011825279 0.0
2.61 0.82487484999 0.0
2.62 0.844665480852 0.0
2.63 0.864383717865 0.0
2.64 0.88402956103 0.0
2.65 0.903603010345 0.0
2.66 0.917689744537 0.0
2.67 0.929700311606 0.0
2.68 0.942246660534 0.0
2.69 0.955328791323 0.0
2.7 0.968946703972 0.0
2.71 0.983100398481 0.0
2.72 0.997789874849 0.0
2.73 1.01301513308 0.0
2.74 1.02877617317 0.0
2.75 1.04507299511 0.0
2.76 1.06190559892 0.0
2.77 1.07927398459 0.0
2.78 1.09717815212 0.0
2.79 1.11561810151 0.0
2.8 1.13459383276 0.0
2.81 1.16949921322 0.0
2.82 1.28058514727 0.0
2.83 1.36547147921 0.0
2.84 1.42415820904 0.0
2.85 1.45664533676 0.0
2.86 1.46293286238 0.0
2.87 1.44302078588 0.0
2.88 1.39690910727 0.0
2.89 1.32459782655 0.0
2.9 1.22608694373 0.0
2.91 1.10137645879 0.0
2.92 0.950466371747 0.0
2.93 0.773356682592 0.0
2.94 0.570047391328 0.0
2.95 0.340538497954 0.0
2.96 0.0848300024701 0.0
2.97 -0.197078095123 0.0
2.98 -0.505185794826 0.0
2.99 -0.839493096638 0.0
