0.08 1.19137614297 0.0
0.09 1.19029816084 0.0
0.1 1.18922017871 0.0
0.11 1.18814219658 0.0
0.12 1.18706421445 0.0
0.13 1.18598623232 0.0
0.14 1.18490825019 0.0
0.15 1.18383026806 0.0
0.16 1.18275228593 0.0
0.17 1.1816743038 0.0
0.18 1.18059632167 0.0
0.19 1.17951833954 0.0
0.2 1.17844035741 0.0
0.21 1.17612548463 0.0
0.22 1.17061636248 0.0
0.23 1.16510724033 0.0
0.24 1.15959811819 0.0
0.25 1.15408899604 0.0
0.26 1.14857987389 0.0
0.27 1.14307075175 0.0
0.28 1.1375616296 0.0
0.29 1.13205250745 0.0
0.3 1.12654338531 0.0
0.31 1.12103426316 0.0
0.32 1.11552514101 0.0
0.33 1.11001601887 0.0
0.34 1.10450689672 0.0
0.35 1.09899777457 0.0
0.36 1.09348865243 0.0
0.37 1.08797953028 0.0
0.38 1.08247040814 0.0
0.39 1.07696128599 0.0
0.4 1.07145216384 0.0
0.41 1.06241880774 0.0
0.42 1.05227101795 0.0
0.43 1.04212322816 0.0
0.44 1.03197543837 0.0
0.45 1.02182764859 0.0
0.46 1.0116798588 0.0
0.47 1.00153206901 0.0
0.48 0.99138427922 0.0
0.49 0.981236489431 0.0
0.5 0.971088699643 0.0
0.51 0.960940909854 0.0
0.52 0.950793120065 0.0
0.53 0.940645330277 0.0
0.54 0.930497540488 0.0
0.55 0.920349750699 0.0
0.56 0.910201960911 0.0
0.57 0.900054171122 0.0
0.58 0.889906381334 0.0
0.59 0.879758591545 0.0
0.6 0.868531492652 0.0
0.61 0.853892965542 0.0
0.62 0.839254438433 0.0
0.63 0.824615911323 0.0
0.64 0.809977384213 0.0
0.65 0.795338857104 0.0
0.66 0.780700329994 0.0
0.67 0.766061802884 0.0
0.68 0.751423275775 0.0
0.69 0.736784748665 0.0
0.7 0.722146221555 0.0
0.71 0.707507694446 0.0
0.72 0.692869167336 0.0
0.73 0.678230640227 0.0
0.74 0.663592113117 0.0
0.75 0.648953586007 0.0
0.76 0.634315058898 0.0
0.77 0.619676531788 0.0
0.78 0.605038004678 0.0
0.79 0.590399477569 0.0
0.8 0.573181809624 0.0
0.81 0.554965641896 0.0
0.82 0.536749474167 0.0
0.83 0.518533306438 0.0
0.84 0.50031713871 0.0
0.85 0.482100970981 0.0
0.86 0.463884803252 0.0
0.87 0.445668635524 0.0
0.88 0.427452467795 0.0
0.89 0.409236300066 0.0
0.9 0.391020132338 0.0
0.91 0.372803964609 0.0
0.92 0.35458779688 0.0
0.93 0.336371629152 0.0
0.94 0.318155461423 0.0
0.95 0.299939293694 0.0
0.96 0.281723125966 0.0
0.97 0.263506958237 0.0
0.98 0.245290790509 0.0
0.99 0.22707462278 0.0
1.0 0.208858455051 0.0
1.01 0.190279244017 -0.336543108532
1.02 0.171700032984 -0.296560496989
1.03 0.15312082195 -0.256577885447
1.04 0.134541610916 -0.216595273904
1.05 0.115962399882 -0.176612662362
1.06 0.0973831888481 -0.136630050819
1.07 0.0788039778142 -0.0966474392767
1.08 0.0602247667803 -0.0566648277342
1.09 0.0416455557465 -0.0166822161917
1.1 0.0230663447126 0.0233003953509
1.11 0.0044871336787 0.0632830068934
1.12 -0.0140920773552 0.103265618436
1.13 -0.0326712883891 0.143248229978
1.14 -0.0512504994229 0.183230841521
1.15 -0.0698297104568 0.223213453063
1.16 -0.0884089214907 0.263196064606
1.17 -0.106988132525 0.303178676148
1.18 -0.125567343558 0.343161287691
1.19 -0.144146554592 0.383143899233
1.2 -0.162725765626 0.423126510776
1.21 -0.18058998103 0.46131831406
1.22 -0.196609474854 0.494889749747
1.23 -0.212628968677 0.528461185433
1.24 -0.2286484625 0.56203262112
1.25 -0.244667956324 0.595604056806
1.26 -0.260687450147 0.629175492493
1.27 -0.276706943971 0.662746928179
1.28 -0.292726437794 0.696318363865
1.29 -0.308745931617 0.729889799552
1.3 -0.324765425441 0.763461235238
1.31 -0.340784919264 0.797032670925
1.32 -0.356804413087 0.830604106611
1.33 -0.372823906911 0.864175542298
1.34 -0.388843400734 0.897746977984
1.35 -0.404862894558 0.93131841367
1.36 -0.420882388381 0.964889849357
1.37 -0.436901882204 0.998461285043
1.38 -0.452921376028 1.03203272073
1.39 -0.468940869851 1.06560415642
1.4 -0.484960363674 1.0991755921
1.41 -0.498074266009 1.12600227945
1.42 -0.510271493235 1.15070108923
1.43 -0.52246872046 1.17539989902
1.44 -0.534665947686 1.20009870881
1.45 -0.546863174911 1.22479751859
1.46 -0.559060402137 1.24949632838
1.47 -0.571257629363 1.27419513817
1.48 -0.583454856588 1.29889394795
1.49 -0.595652083814 1.32359275774
1.5 -0.607849311039 1.34829156753
1.51 -0.620046538265 1.37299037731
1.52 -0.632243765491 1.3976891871
1.53 -0.644440992716 1.42238799688
1.54 -0.656638219942 1.44708680667
1.55 -0.668835447167 1.47178561646
1.56 -0.681032674393 1.49648442624
1.57 -0.693229901619 1.52118323603
1.58 -0.705427128844 1.54588204582
1.59 -0.71762435607 1.5705808556
1.6 -0.728922533377 1.59332861778
1.61 -0.737385619229 1.60992388687
1.62 -0.745848705082 1.62651915597
1.63 -0.754311790934 1.64311442506
1.64 -0.762774876786 1.65970969415
1.65 -0.771237962638 1.67630496324
1.66 -0.77970104849 1.69290023233
1.67 -0.788164134342 1.70949550143
1.68 -0.796627220194 1.72609077052
1.69 -0.805090306046 1.74268603961
1.7 -0.813553391898 1.7592813087
1.71 -0.82201647775 1.77587657779
1.72 -0.830479563603 1.79247184689
1.73 -0.838942649455 1.80906711598
1.74 -0.847405735307 1.82566238507
1.75 -0.855868821159 1.84225765416
1.76 -0.864331907011 1.85885292325
1.77 -0.872794992863 1.87544819235
1.78 -0.881258078715 1.89204346144
1.79 -0.889721164567 1.90863873053
1.8 -0.896033668149 1.92081428353
1.81 -0.901514372155 1.93128038415
1.82 -0.906995076162 1.94174648478
1.83 -0.912475780169 1.9522125854
1.84 -0.917956484175 1.96267868602
1.85 -0.923437188182 1.97314478665
1.86 -0.928917892188 1.98361088727
1.87 -0.934398596195 1.99407698789
1.88 -0.939879300202 2.00454308852
1.89 -0.945360004208 2.01500918914
1.9 -0.950840708215 2.02547528976
1.91 -0.956321412221 2.03594139039
1.92 -0.961802116228 2.04640749101
1.93 -0.967282820235 2.05687359163
1.94 -0.972763524241 2.06733969226
1.95 -0.978244228248 2.07780579288
1.96 -0.983724932254 2.0882718935
1.97 -0.989205636261 2.09873799413
1.98 -0.994686340267 2.10920409475
1.99 -1.00016704427 2.11967019537
2.0 -1.00564774828 0.0
2.01 -1.00925574886 0.0
2.02 -1.01286374944 0.0
2.03 -1.01647175003 0.0
2.04 -1.02007975061 0.0
2.05 -1.02368775119 0.0
2.06 -1.02729575177 0.0
2.07 -1.03090375236 0.0
2.08 -1.03451175294 0.0
2.09 -1.03811975352 0.0
2.1 -1.0417277541 0.0
2.11 -1.04533575469 0.0
2.12 -1.04894375527 0.0
2.13 -1.05255175585 0.0
2.14 -1.05615975643 0.0
2.15 -1.05976775702 0.0
2.16 -1.0633757576 0.0
2.17 -1.06698375818 0.0
2.18 -1.07059175876 0.0
2.19 -1.07419975935 0.0
2.2 -1.07726294341 0.0
2.21 -1.08013892256 0.0
2.22 -1.08301490172 0.0
2.23 -1.08589088087 0.0
2.24 -1.08876686003 0.0
2.25 -1.09164283918 0.0
2.26 -1.09451881834 0.0
2.27 -1.09739479749 0.0
2.28 -1.10027077665 0.0
2.29 -1.1031467558 0.0
2.3 -1.10602273495 0.0
2.31 -1.10889871411 0.0
2.32 -1.11177469326 0.0
2.33 -1.11465067242 0.0
2.34 -1.11752665157 0.0
2.35 -1.12040263073 0.0
2.36 -1.12276812745 0.0
2.37 -1.12507498883 0.0
2.38 -1.12738185021 0.0
2.39 -1.1296887116 0.0
2.4 -1.13199557298 0.0
2.41 -1.13430243436 0.0
2.42 -1.13660929575 0.0
2.43 -1.13891615713 0.0
2.44 -1.14122301851 0.0
2.45 -1.14352987989 0.0
2.46 -1.14583674128 0.0
2.47 -1.14814360266 0.0
2.48 -1.15045046404 0.0
2.49 -1.15275732543 0.0
2.5 -1.15506418681 0.0
2.51 -1.15685888592 0.0
2.52 -1.15853471214 0.0
2.53 -1.16021053836 0.0
2.54 -1.16188636458 0.0
2.55 -1.16356219079 0.0
2.56 -1.16523801701 0.0
2.57 -1.16691384323 0.0
2.58 -1.16858966945 0.0
2.59 -1.17026549567 0.0
2.6 -1.17194132188 0.0
2.61 -1.1736171481 0.0
2.62 -1.17529297432 0.0
2.63 -1.17696880054 0.0
2.64 -1.17864462675 0.0
2.65 -1.18032045297 0.0
2.66 -1.18152080386 0.0
2.67 -1.18250024954 0.0
2.68 -1.18347969522 0.0
2.69 -1.1844591409 0.0
2.7 -1.18543858657 0.0
2.71 -1.18641803225 0.0
2.72 -1.18739747793 0.0
2.73 -1.18837692361 0.0
2.74 -1.18935636929 0.0
2.75 -1.19033581496 0.0
2.76 -1.19131526064 0.0
2.77 -1.19229470632 0.0
2.78 -1.193274152 0.0
2.79 -1.19425359768 0.0
2.8 -1.19523304336 0.0
2.81 -1.19610041605 0.0
2.82 -1.19630565731 0.0
2.83 -1.19651089858 0.0
2.84 -1.19671613984 0.0
2.85 -1.1969213811 0.0
2.86 -1.19712662236 0.0
2.87 -1.19733186362 0.0
2.88 -1.19753710488 0.0
2.89 -1.19774234614 0.0
2.9 -1.1979475874 0.0
2.91 -1.19815282866 0.0
2.92 -1.19835806992 0.0
2.93 -1.19856331118 0.0
2.94 -1.19876855244 0.0
2.95 -1.1989737937 0.0
2.96 -1.19917903496 0.0
2.97 -1.19938427622 0.0
2.98 -1.19958951748 0.0
2.99 -1.19979475874 0.0
