            0              0 
           82          5e-12 
          120          1e-11 
          146        1.5e-11 
          176          2e-11 
          201        2.5e-11 
          227          3e-11 
          248        3.5e-11 
          275          4e-11 
          297        4.5e-11 
          344          5e-11 
          418        5.5e-11 
          486          6e-11 
          532        6.5e-11 
          580  7.047908066945e-11 
          620        7.5e-11 
          709          8e-11 
          746        8.5e-11 
          775          9e-11 
          809        9.5e-11 
          850  1.003829070155e-10 
          888       1.05e-10 
          923        1.1e-10 
          966       1.15e-10 
          995        1.2e-10 
         1040  1.251814273417e-10 
         1065        1.3e-10 
         1090  1.351793605314e-10 
         1117        1.4e-10 
         1138       1.45e-10 
         1160  1.501455014764e-10 
         1194       1.55e-10 
         1215  1.601935791773e-10 
         1231       1.65e-10 
         1255  1.701728097859e-10 
         1274       1.75e-10 
         1296        1.8e-10 
         1326       1.85e-10 
         1342        1.9e-10 
         1351       1.95e-10 
         1361          2e-10 
         1373       2.05e-10 
         1384        2.1e-10 
         1392       2.15e-10 
         1410        2.2e-10 
         1422       2.25e-10 
         1435        2.3e-10 
         1445  2.356677810438e-10 
         1460  2.406510653874e-10 
         1474       2.45e-10 
         1490  2.503791208577e-10 
         1502       2.55e-10 
         1517        2.6e-10 
         1530  2.671726116753e-10 
         1536        2.7e-10 
         1550       2.75e-10 
         1570  2.803011707107e-10 
         1633       2.85e-10 
         1651        2.9e-10 
         1670  2.951462960545e-10 
         1686          3e-10 
         1700  3.051196968267e-10 
         1716        3.1e-10 
         1767       3.15e-10 
         1830        3.2e-10 
         1875       3.25e-10 
         1925        3.3e-10 
         1980  3.350822510753e-10 
         1997        3.4e-10 
         2008       3.45e-10 
         2020  3.503645253894e-10 
         2030  3.554507115123e-10 
         2039        3.6e-10 
         2048       3.65e-10 
         2083        3.7e-10 
         2115       3.75e-10 
         2141        3.8e-10 
         2172       3.85e-10 
         2196        3.9e-10 
         2230  3.957378342517e-10 
         2250  4.002981895571e-10 
         2270       4.05e-10 
         2291        4.1e-10 
         2319       4.15e-10 
         2344        4.2e-10 
         2363       4.25e-10 
         2384        4.3e-10 
         2408       4.35e-10 
         2426        4.4e-10 
         2452       4.45e-10 
         2482        4.5e-10 
         2505  4.556936686506e-10 
         2524        4.6e-10 
         2544       4.65e-10 
         2565  4.710056676084e-10 
         2584       4.75e-10 
         2610  4.803220901058e-10 
         2626       4.85e-10 
         2649        4.9e-10 
         2664       4.95e-10 
         2680  5.001361438327e-10 
         2698       5.05e-10 
         2716        5.1e-10 
         2730       5.15e-10 
         2748        5.2e-10 
         2766       5.25e-10 
         2785  5.308184637416e-10 
         2796       5.35e-10 
         2811        5.4e-10 
         2823       5.45e-10 
         2833        5.5e-10 
         2843       5.55e-10 
         2855  5.60651479267e-10 
         2865  5.65207311154e-10 
         2875        5.7e-10 
         2887       5.75e-10 
         2904        5.8e-10 
         2919       5.85e-10 
         2930  5.905795743168e-10 
         2940  5.961284580597e-10 
         2950  6.014585032833e-10 
         2958       6.05e-10 
         2968        6.1e-10 
         2978       6.15e-10 
         2988        6.2e-10 
         3000  6.260029502916e-10 
         3008        6.3e-10 
         3020  6.353562112515e-10 
         3034        6.4e-10 
         3050       6.45e-10 
         3060        6.5e-10 
         3075  6.560548320254e-10 
         3086        6.6e-10 
         3105  6.659661945977e-10 
         3114        6.7e-10 
         3125       6.75e-10 
         3140        6.8e-10 
         3157       6.85e-10 
         3173        6.9e-10 
         3191       6.95e-10 
         3204          7e-10 
         3222       7.05e-10 
         3240  7.105347642003e-10 
         3255  7.173770602154e-10 
         3259        7.2e-10 
         3269       7.25e-10 
         3283        7.3e-10 
         3296       7.35e-10 
         3305  7.409346150359e-10 
         3315  7.481093688303e-10 
         3318        7.5e-10 
         3329       7.55e-10 
         3345  7.609116577477e-10 
         3352       7.65e-10 
         3363        7.7e-10 
         3370       7.75e-10 
         3376        7.8e-10 
         3384       7.85e-10 
         3394        7.9e-10 
         3402       7.95e-10 
         3413          8e-10 
         3425  8.098833986873e-10 
         3426        8.1e-10 
         3438       8.15e-10 
         3445        8.2e-10 
         3448       8.25e-10 
         3460  8.325282816283e-10 
         3465  8.355992572066e-10 
